<?xml version="1.0" encoding="UTF-8"?>
<testsuite name="org.example.findSubstringIndicesTest" tests="2" skipped="0" failures="0" errors="0" timestamp="2023-11-16T19:10:09" hostname="DESKTOP-IREEJCC" time="0.034">
  <properties/>
  <testcase name="test1()" classname="org.example.findSubstringIndicesTest" time="0.03"/>
  <testcase name="test2()" classname="org.example.findSubstringIndicesTest" time="0.002"/>
  <system-out><![CDATA[]]></system-out>
  <system-err><![CDATA[]]></system-err>
</testsuite>
