<?xml version="1.0" encoding="UTF-8"?>
<testsuite name="org.example.findSubstringIndicesTest" tests="7" skipped="0" failures="0" errors="0" timestamp="2023-12-26T17:59:54" hostname="DESKTOP-IREEJCC" time="0.088">
  <properties/>
  <testcase name="test1()" classname="org.example.findSubstringIndicesTest" time="0.053"/>
  <testcase name="test2()" classname="org.example.findSubstringIndicesTest" time="0.005"/>
  <testcase name="test3()" classname="org.example.findSubstringIndicesTest" time="0.008"/>
  <testcase name="test4()" classname="org.example.findSubstringIndicesTest" time="0.002"/>
  <testcase name="test5()" classname="org.example.findSubstringIndicesTest" time="0.001"/>
  <testcase name="test6()" classname="org.example.findSubstringIndicesTest" time="0.003"/>
  <testcase name="test7()" classname="org.example.findSubstringIndicesTest" time="0.004"/>
  <system-out><![CDATA[]]></system-out>
  <system-err><![CDATA[]]></system-err>
</testsuite>
