<?xml version="1.0" encoding="UTF-8"?>
<testsuite name="org.example.findSubstringIndicesTest" tests="1" skipped="0" failures="0" errors="0" timestamp="2023-12-26T17:03:22" hostname="DESKTOP-IREEJCC" time="0.051">
  <properties/>
  <testcase name="test6()" classname="org.example.findSubstringIndicesTest" time="0.051"/>
  <system-out><![CDATA[]]></system-out>
  <system-err><![CDATA[]]></system-err>
</testsuite>
